<?xml version="1.0" encoding="UTF-8"?>
<testsuite xmlns:xsi="http://www.w3.org/2001/XMLSchema-instance" xsi:noNamespaceSchemaLocation="https://maven.apache.org/surefire/maven-surefire-plugin/xsd/surefire-test-report.xsd" name="com.centrocultural.AppTest" time="0.039" tests="1" errors="0" skipped="0" failures="0">
  <properties>
    <property name="java.specification.version" value="23"/>
    <property name="sun.jnu.encoding" value="UTF-8"/>
    <property name="java.class.path" value="/home/yaelrdf/git/programacion_orientada_a_objetos_UPIICSA/FINAL-AI-v2/centrocultural/target/test-classes:/home/yaelrdf/git/programacion_orientada_a_objetos_UPIICSA/FINAL-AI-v2/centrocultural/target/classes:/home/yaelrdf/.m2/repository/junit/junit/4.11/junit-4.11.jar:/home/yaelrdf/.m2/repository/org/hamcrest/hamcrest-core/1.3/hamcrest-core-1.3.jar:/home/yaelrdf/.m2/repository/org/openjfx/javafx-graphics/25-ea+21/javafx-graphics-25-ea+21.jar:/home/yaelrdf/.m2/repository/org/openjfx/javafx-graphics/25-ea+21/javafx-graphics-25-ea+21-linux.jar:/home/yaelrdf/.m2/repository/org/openjfx/javafx-base/25-ea+21/javafx-base-25-ea+21.jar:/home/yaelrdf/.m2/repository/org/openjfx/javafx-base/25-ea+21/javafx-base-25-ea+21-linux.jar:/home/yaelrdf/.m2/repository/org/scalqa/scalqa_3.0.0-RC2/0.99/scalqa_3.0.0-RC2-0.99.jar:/home/yaelrdf/.m2/repository/org/scala-lang/scala3-library_3.0.0-RC2/3.0.0-RC2/scala3-library_3.0.0-RC2-3.0.0-RC2.jar:/home/yaelrdf/.m2/repository/org/scala-lang/scala-library/2.13.5/scala-library-2.13.5.jar:/home/yaelrdf/.m2/repository/org/openjfx/javafx-fxml/25-ea+21/javafx-fxml-25-ea+21.jar:/home/yaelrdf/.m2/repository/org/openjfx/javafx-fxml/25-ea+21/javafx-fxml-25-ea+21-linux.jar:/home/yaelrdf/.m2/repository/org/openjfx/javafx-controls/25-ea+21/javafx-controls-25-ea+21.jar:/home/yaelrdf/.m2/repository/org/openjfx/javafx-controls/25-ea+21/javafx-controls-25-ea+21-linux.jar:"/>
    <property name="java.vm.vendor" value="Oracle Corporation"/>
    <property name="sun.arch.data.model" value="64"/>
    <property name="java.vendor.url" value="https://java.oracle.com/"/>
    <property name="os.name" value="Linux"/>
    <property name="java.vm.specification.version" value="23"/>
    <property name="user.country" value="US"/>
    <property name="sun.java.launcher" value="SUN_STANDARD"/>
    <property name="sun.boot.library.path" value="/usr/lib/jvm/jdk-23.0.2-oracle-x64/lib"/>
    <property name="sun.java.command" value="/home/yaelrdf/git/programacion_orientada_a_objetos_UPIICSA/FINAL-AI-v2/centrocultural/target/surefire/surefirebooter8762099803247617243.jar /home/yaelrdf/git/programacion_orientada_a_objetos_UPIICSA/FINAL-AI-v2/centrocultural/target/surefire 2025-06-30T04-30-54_835-jvmRun1 surefire9994543957811217767tmp surefire_013282155404169681833tmp"/>
    <property name="jdk.debug" value="release"/>
    <property name="surefire.test.class.path" value="/home/yaelrdf/git/programacion_orientada_a_objetos_UPIICSA/FINAL-AI-v2/centrocultural/target/test-classes:/home/yaelrdf/git/programacion_orientada_a_objetos_UPIICSA/FINAL-AI-v2/centrocultural/target/classes:/home/yaelrdf/.m2/repository/junit/junit/4.11/junit-4.11.jar:/home/yaelrdf/.m2/repository/org/hamcrest/hamcrest-core/1.3/hamcrest-core-1.3.jar:/home/yaelrdf/.m2/repository/org/openjfx/javafx-graphics/25-ea+21/javafx-graphics-25-ea+21.jar:/home/yaelrdf/.m2/repository/org/openjfx/javafx-graphics/25-ea+21/javafx-graphics-25-ea+21-linux.jar:/home/yaelrdf/.m2/repository/org/openjfx/javafx-base/25-ea+21/javafx-base-25-ea+21.jar:/home/yaelrdf/.m2/repository/org/openjfx/javafx-base/25-ea+21/javafx-base-25-ea+21-linux.jar:/home/yaelrdf/.m2/repository/org/scalqa/scalqa_3.0.0-RC2/0.99/scalqa_3.0.0-RC2-0.99.jar:/home/yaelrdf/.m2/repository/org/scala-lang/scala3-library_3.0.0-RC2/3.0.0-RC2/scala3-library_3.0.0-RC2-3.0.0-RC2.jar:/home/yaelrdf/.m2/repository/org/scala-lang/scala-library/2.13.5/scala-library-2.13.5.jar:/home/yaelrdf/.m2/repository/org/openjfx/javafx-fxml/25-ea+21/javafx-fxml-25-ea+21.jar:/home/yaelrdf/.m2/repository/org/openjfx/javafx-fxml/25-ea+21/javafx-fxml-25-ea+21-linux.jar:/home/yaelrdf/.m2/repository/org/openjfx/javafx-controls/25-ea+21/javafx-controls-25-ea+21.jar:/home/yaelrdf/.m2/repository/org/openjfx/javafx-controls/25-ea+21/javafx-controls-25-ea+21-linux.jar:"/>
    <property name="sun.cpu.endian" value="little"/>
    <property name="user.home" value="/home/yaelrdf"/>
    <property name="user.language" value="en"/>
    <property name="java.specification.vendor" value="Oracle Corporation"/>
    <property name="java.version.date" value="2025-01-21"/>
    <property name="java.home" value="/usr/lib/jvm/jdk-23.0.2-oracle-x64"/>
    <property name="file.separator" value="/"/>
    <property name="basedir" value="/home/yaelrdf/git/programacion_orientada_a_objetos_UPIICSA/FINAL-AI-v2/centrocultural"/>
    <property name="java.vm.compressedOopsMode" value="32-bit"/>
    <property name="line.separator" value="&#10;"/>
    <property name="java.specification.name" value="Java Platform API Specification"/>
    <property name="java.vm.specification.vendor" value="Oracle Corporation"/>
    <property name="surefire.real.class.path" value="/home/yaelrdf/git/programacion_orientada_a_objetos_UPIICSA/FINAL-AI-v2/centrocultural/target/surefire/surefirebooter8762099803247617243.jar"/>
    <property name="sun.management.compiler" value="HotSpot 64-Bit Tiered Compilers"/>
    <property name="java.runtime.version" value="23.0.2+7-58"/>
    <property name="user.name" value="yaelrdf"/>
    <property name="stdout.encoding" value="UTF-8"/>
    <property name="path.separator" value=":"/>
    <property name="os.version" value="6.6.87.2-microsoft-standard-WSL2"/>
    <property name="java.runtime.name" value="Java(TM) SE Runtime Environment"/>
    <property name="file.encoding" value="UTF-8"/>
    <property name="java.vm.name" value="Java HotSpot(TM) 64-Bit Server VM"/>
    <property name="maven.ext.class.path" value="/usr/lib/apache-netbeans/java/maven-nblib/netbeans-eventspy.jar"/>
    <property name="localRepository" value="/home/yaelrdf/.m2/repository"/>
    <property name="java.vendor.url.bug" value="https://bugreport.java.com/bugreport/"/>
    <property name="java.io.tmpdir" value="/tmp"/>
    <property name="java.version" value="23.0.2"/>
    <property name="user.dir" value="/home/yaelrdf/git/programacion_orientada_a_objetos_UPIICSA/FINAL-AI-v2/centrocultural"/>
    <property name="os.arch" value="amd64"/>
    <property name="java.vm.specification.name" value="Java Virtual Machine Specification"/>
    <property name="native.encoding" value="UTF-8"/>
    <property name="java.library.path" value="/usr/java/packages/lib:/usr/lib64:/lib64:/lib:/usr/lib"/>
    <property name="java.vm.info" value="mixed mode, sharing"/>
    <property name="stderr.encoding" value="UTF-8"/>
    <property name="java.vendor" value="Oracle Corporation"/>
    <property name="java.vm.version" value="23.0.2+7-58"/>
    <property name="sun.io.unicode.encoding" value="UnicodeLittle"/>
    <property name="java.class.version" value="67.0"/>
  </properties>
  <testcase name="shouldAnswerWithTrue" classname="com.centrocultural.AppTest" time="0.004"/>
</testsuite>